<?xml version="1.0" encoding="UTF-8"?>
<testsuite name="ErrorsController::500 page" skipped="0" failures="0" errors="0" tests="1" assertions="1" time="0.0010653009994712193">
  <testcase name="test_0001_anonymous" classname="ErrorsController::500 page" assertions="1" time="0.0010653009994712193">
  </testcase>
</testsuite>
