<?xml version="1.0" encoding="UTF-8"?>
<testsuite name="LibrariesControllerTest" skipped="0" failures="0" errors="0" tests="10" assertions="39" time="0.06463121100750868">
  <testcase name="test_Should_get_properly_sorted_list" classname="LibrariesControllerTest" assertions="1" time="0.008571001002565026">
  </testcase>
  <testcase name="test_Should_get_valid_user_data" classname="LibrariesControllerTest" assertions="6" time="0.007007444997725543">
  </testcase>
  <testcase name="test_Updating_an_existing_library_with_valid_data_should_update_that_library" classname="LibrariesControllerTest" assertions="6" time="0.007699737001530593">
  </testcase>
  <testcase name="test_Creating_new_library_without_sending_correct_content-type_should_result_in_error" classname="LibrariesControllerTest" assertions="1" time="0.0019006670008820947">
  </testcase>
  <testcase name="test_Should_get_JSON:API_error_block_when_requesting_library_data_with_invalid_ID" classname="LibrariesControllerTest" assertions="4" time="0.002898819999245461">
  </testcase>
  <testcase name="test_Creating_new_library_with_invalid_data_should_result_in_error" classname="LibrariesControllerTest" assertions="4" time="0.008343184999830555">
  </testcase>
  <testcase name="test_Should_delete_library" classname="LibrariesControllerTest" assertions="5" time="0.006815587003075052">
  </testcase>
  <testcase name="test_Should_get_valid_list_of_libraries" classname="LibrariesControllerTest" assertions="5" time="0.009352769000543049">
  </testcase>
  <testcase name="test_Creating_new_library_with_invalid_type_in_JSON_data_should_result_in_error" classname="LibrariesControllerTest" assertions="1" time="0.0052043610012333374">
  </testcase>
  <testcase name="test_Creating_new_library_with_valid_data_should_create_new_library" classname="LibrariesControllerTest" assertions="6" time="0.006837639000877971">
  </testcase>
</testsuite>
