<?xml version="1.0" encoding="UTF-8"?>
<testsuite name="ErrorsControllerTest" skipped="0" failures="0" errors="0" tests="3" assertions="15" time="0.009791916003450751">
  <testcase name="test_#422_page" classname="ErrorsControllerTest" assertions="5" time="0.005193656001210911">
  </testcase>
  <testcase name="test_#404_page" classname="ErrorsControllerTest" assertions="5" time="0.0023720450008113403">
  </testcase>
  <testcase name="test_#500_page" classname="ErrorsControllerTest" assertions="5" time="0.0022262150014285">
  </testcase>
</testsuite>
