<?xml version="1.0" encoding="UTF-8"?>
<testsuite name="ErrorsController::422 page" skipped="0" failures="0" errors="0" tests="1" assertions="1" time="0.0010505259997444227">
  <testcase name="test_0001_anonymous" classname="ErrorsController::422 page" assertions="1" time="0.0010505259997444227">
  </testcase>
</testsuite>
