<?xml version="1.0" encoding="UTF-8"?>
<testsuite name="InvitationTest" skipped="0" failures="0" errors="0" tests="1" assertions="1" time="0.0007419650000883848">
  <testcase name="test_the_truth" classname="InvitationTest" assertions="1" time="0.0007419650000883848">
  </testcase>
</testsuite>
