<?xml version="1.0" encoding="UTF-8"?>
<testsuite name="LibrariesControllerTest" skipped="0" failures="0" errors="0" tests="10" assertions="39" time="0.0737725449998834">
  <testcase name="test_Creating_new_library_with_valid_data_should_create_new_library" classname="LibrariesControllerTest" assertions="6" time="0.01636621099896729">
  </testcase>
  <testcase name="test_Should_get_JSON:API_error_block_when_requesting_library_data_with_invalid_ID" classname="LibrariesControllerTest" assertions="4" time="0.006030131999068544">
  </testcase>
  <testcase name="test_Should_get_valid_list_of_libraries" classname="LibrariesControllerTest" assertions="5" time="0.010929314001259627">
  </testcase>
  <testcase name="test_Should_delete_library" classname="LibrariesControllerTest" assertions="5" time="0.0068958400006522425">
  </testcase>
  <testcase name="test_Should_get_valid_user_data" classname="LibrariesControllerTest" assertions="6" time="0.005355369999961113">
  </testcase>
  <testcase name="test_Creating_new_library_with_invalid_data_should_result_in_error" classname="LibrariesControllerTest" assertions="4" time="0.010321055000531487">
  </testcase>
  <testcase name="test_Creating_new_library_with_invalid_type_in_JSON_data_should_result_in_error" classname="LibrariesControllerTest" assertions="1" time="0.005899191999560571">
  </testcase>
  <testcase name="test_Should_get_properly_sorted_list" classname="LibrariesControllerTest" assertions="1" time="0.0017047199999069562">
  </testcase>
  <testcase name="test_Updating_an_existing_library_with_valid_data_should_update_that_library" classname="LibrariesControllerTest" assertions="6" time="0.008081383999524405">
  </testcase>
  <testcase name="test_Creating_new_library_without_sending_correct_content-type_should_result_in_error" classname="LibrariesControllerTest" assertions="1" time="0.002189327000451158">
  </testcase>
</testsuite>
