<?xml version="1.0" encoding="UTF-8"?>
<testsuite name="InvitationsIntegrationControllerTest" skipped="0" failures="0" errors="0" tests="1" assertions="1" time="0.17967675899990354">
  <testcase name="test_should_get_index" classname="InvitationsIntegrationControllerTest" assertions="1" time="0.17967675899990354">
  </testcase>
</testsuite>
